[debug] [2022-06-26T17:57:27.924Z] ----------------------------------------------------------------------
[debug] [2022-06-26T17:57:27.926Z] Command:       /usr/local/bin/node /usr/local/bin/firebase init
[debug] [2022-06-26T17:57:27.926Z] CLI Version:   11.1.0
[debug] [2022-06-26T17:57:27.927Z] Platform:      darwin
[debug] [2022-06-26T17:57:27.927Z] Node Version:  v16.14.2
[debug] [2022-06-26T17:57:27.928Z] Time:          Sun Jun 26 2022 19:57:27 GMT+0200 (Central European Summer Time)
[debug] [2022-06-26T17:57:27.928Z] ----------------------------------------------------------------------
[debug] 
[debug] [2022-06-26T17:57:27.933Z] > command requires scopes: ["email","openid","https://www.googleapis.com/auth/cloudplatformprojects.readonly","https://www.googleapis.com/auth/firebase","https://www.googleapis.com/auth/cloud-platform"]
[debug] [2022-06-26T17:57:27.933Z] > authorizing via signed-in user (joppehoekstra@gmail.com)
[info] 
     ######## #### ########  ######## ########     ###     ######  ########
     ##        ##  ##     ## ##       ##     ##  ##   ##  ##       ##
     ######    ##  ########  ######   ########  #########  ######  ######
     ##        ##  ##    ##  ##       ##     ## ##     ##       ## ##
     ##       #### ##     ## ######## ########  ##     ##  ######  ########

You're about to initialize a Firebase project in this directory:

  /Users/joppehoekstra/GitHub/joppehoekstra

[info] 
=== Project Setup
[info] 
[info] First, let's associate this project directory with a Firebase project.
[info] You can create multiple project aliases by running firebase use --add, 
[info] but for now we'll just set up a default project.
[info] 
[debug] [2022-06-26T17:57:31.914Z] > refreshing access token with scopes: []
[debug] [2022-06-26T17:57:31.917Z] >>> [apiv2][query] POST https://www.googleapis.com/oauth2/v3/token [none]
[debug] [2022-06-26T17:57:31.917Z] >>> [apiv2][body] POST https://www.googleapis.com/oauth2/v3/token [omitted]
[debug] [2022-06-26T17:57:32.084Z] <<< [apiv2][status] POST https://www.googleapis.com/oauth2/v3/token 200
[debug] [2022-06-26T17:57:32.084Z] <<< [apiv2][body] POST https://www.googleapis.com/oauth2/v3/token [omitted]
[debug] [2022-06-26T17:57:32.138Z] >>> [apiv2][query] GET https://firebase.googleapis.com/v1beta1/projects pageSize=100
[debug] [2022-06-26T17:57:32.636Z] <<< [apiv2][status] GET https://firebase.googleapis.com/v1beta1/projects 200
[debug] [2022-06-26T17:57:32.636Z] <<< [apiv2][body] GET https://firebase.googleapis.com/v1beta1/projects [omitted]
